{"total": {"lines":{"total":349,"covered":349,"skipped":0,"pct":100},"statements":{"total":420,"covered":404,"skipped":0,"pct":96.19},"functions":{"total":52,"covered":52,"skipped":0,"pct":100},"branches":{"total":508,"covered":458,"skipped":0,"pct":90.15},"branchesTrue":{"total":0,"covered":0,"skipped":0,"pct":"Unknown"}}
,"/mnt/f/pb/paper-burner/js/agents/plugins/policy/engine.js": {"lines":{"total":165,"covered":165,"skipped":0,"pct":100},"functions":{"total":24,"covered":24,"skipped":0,"pct":100},"statements":{"total":204,"covered":191,"skipped":0,"pct":93.62},"branches":{"total":294,"covered":259,"skipped":0,"pct":88.09}}
,"/mnt/f/pb/paper-burner/js/agents/plugins/policy/manager.js": {"lines":{"total":105,"covered":105,"skipped":0,"pct":100},"functions":{"total":17,"covered":17,"skipped":0,"pct":100},"statements":{"total":118,"covered":115,"skipped":0,"pct":97.45},"branches":{"total":136,"covered":123,"skipped":0,"pct":90.44}}
,"/mnt/f/pb/paper-burner/js/agents/plugins/policy/match.js": {"lines":{"total":45,"covered":45,"skipped":0,"pct":100},"functions":{"total":4,"covered":4,"skipped":0,"pct":100},"statements":{"total":61,"covered":61,"skipped":0,"pct":100},"branches":{"total":51,"covered":50,"skipped":0,"pct":98.03}}
,"/mnt/f/pb/paper-burner/js/agents/plugins/policy/store.js": {"lines":{"total":34,"covered":34,"skipped":0,"pct":100},"functions":{"total":7,"covered":7,"skipped":0,"pct":100},"statements":{"total":37,"covered":37,"skipped":0,"pct":100},"branches":{"total":27,"covered":26,"skipped":0,"pct":96.29}}
}
