TN:
SF:js/agents/stages/deepsearch/trajectory.js
FN:7,cloneValue
FN:11,clampInt
FN:17,toTrajectoryConfig
FN:28,signatureForRetrievedChunk
FN:36,isOpenGap
FN:40,openGaps
FN:45,validateIterationCompat
FN:51,getGapBlockAfterMisses
FN:57,getMinEvidenceToFill
FN:63,normalizeForKey
FN:71,statusRank
FN:79,gapKey
FN:83,evidenceKey
FN:91,mergeGaps
FN:142,rewriteGapIds
FN:161,mergeRetrievedChunks
FN:173,mergeConflicts
FN:187,mergeOpenQuestions
FN:201,withUniqueIds
FN:219,reindexEvidenceAndClaims
FN:256,claimScoreForVote
FN:264,TrajectoryManager
FN:272,fork
FN:294,runTrajectory
FN:315,emit
FN:326,wrapApiForStage
FN:485,merge
FN:520,mergeBest
FN:540,mergeUnion
FN:574,mergeVote
FN:630,computeQuality
FNF:31
FNH:31
FNDA:147,cloneValue
FNDA:54,clampInt
FNDA:27,toTrajectoryConfig
FNDA:23,signatureForRetrievedChunk
FNDA:88,isOpenGap
FNDA:47,openGaps
FNDA:6,validateIterationCompat
FNDA:15,getGapBlockAfterMisses
FNDA:15,getMinEvidenceToFill
FNDA:6,normalizeForKey
FNDA:44,statusRank
FNDA:100,gapKey
FNDA:23,evidenceKey
FNDA:9,mergeGaps
FNDA:21,rewriteGapIds
FNDA:8,mergeRetrievedChunks
FNDA:8,mergeConflicts
FNDA:8,mergeOpenQuestions
FNDA:17,withUniqueIds
FNDA:8,reindexEvidenceAndClaims
FNDA:10,claimScoreForVote
FNDA:27,TrajectoryManager
FNDA:4,fork
FNDA:15,runTrajectory
FNDA:56,emit
FNDA:52,wrapApiForStage
FNDA:5,merge
FNDA:13,mergeBest
FNDA:6,mergeUnion
FNDA:3,mergeVote
FNDA:30,computeQuality
DA:1,1
DA:2,1
DA:3,1
DA:4,1
DA:5,1
DA:6,1
DA:7,147
DA:8,147
DA:9,147
DA:10,1
DA:11,54
DA:12,54
DA:13,54
DA:14,53
DA:15,54
DA:16,1
DA:17,27
DA:18,27
DA:19,27
DA:20,27
DA:21,27
DA:22,27
DA:23,27
DA:24,27
DA:25,27
DA:26,27
DA:27,1
DA:28,23
DA:29,23
DA:30,23
DA:31,23
DA:32,23
DA:33,23
DA:34,23
DA:35,1
DA:36,88
DA:37,88
DA:38,88
DA:39,1
DA:40,47
DA:41,47
DA:42,47
DA:43,47
DA:44,1
DA:45,6
DA:46,6
DA:47,6
DA:48,6
DA:49,6
DA:50,1
DA:51,15
DA:52,15
DA:53,15
DA:54,15
DA:55,15
DA:56,1
DA:57,15
DA:58,15
DA:59,15
DA:60,15
DA:61,15
DA:62,1
DA:63,6
DA:64,6
DA:65,6
DA:66,6
DA:67,6
DA:68,6
DA:69,6
DA:70,1
DA:71,44
DA:72,44
DA:73,44
DA:74,44
DA:75,44
DA:76,2
DA:77,44
DA:78,1
DA:79,100
DA:80,100
DA:81,100
DA:82,1
DA:83,23
DA:84,23
DA:85,23
DA:86,23
DA:87,23
DA:88,19
DA:89,23
DA:90,1
DA:91,9
DA:92,9
DA:93,9
DA:94,9
DA:95,9
DA:96,18
DA:97,40
DA:98,40
DA:99,40
DA:100,40
DA:101,40
DA:102,40
DA:103,20
DA:104,40
DA:105,40
DA:106,40
DA:107,40
DA:108,20
DA:109,20
DA:110,20
DA:111,40
DA:112,40
DA:113,40
DA:114,2
DA:115,2
DA:116,2
DA:117,18
DA:118,18
DA:119,18
DA:120,18
DA:121,18
DA:122,40
DA:123,18
DA:124,9
DA:125,9
DA:126,9
DA:127,9
DA:128,9
DA:129,20
DA:130,20
DA:131,20
DA:132,20
DA:133,20
DA:134,20
DA:135,20
DA:136,20
DA:137,9
DA:138,9
DA:139,9
DA:140,9
DA:141,1
DA:142,21
DA:143,21
DA:144,21
DA:145,21
DA:146,21
DA:147,27
DA:148,27
DA:149,27
DA:150,27
DA:151,13
DA:152,13
DA:153,13
DA:154,14
DA:155,27
DA:156,6
DA:157,6
DA:158,27
DA:159,21
DA:160,1
DA:161,8
DA:162,8
DA:163,8
DA:164,17
DA:165,15
DA:166,15
DA:167,7
DA:168,7
DA:169,17
DA:170,8
DA:171,8
DA:172,1
DA:173,8
DA:174,8
DA:175,8
DA:176,8
DA:177,17
DA:178,7
DA:179,7
DA:180,3
DA:181,3
DA:182,3
DA:183,17
DA:184,8
DA:185,8
DA:186,1
DA:187,8
DA:188,8
DA:189,8
DA:190,8
DA:191,17
DA:192,7
DA:193,7
DA:194,3
DA:195,3
DA:196,3
DA:197,17
DA:198,8
DA:199,8
DA:200,1
DA:201,17
DA:202,17
DA:203,17
DA:204,20
DA:205,20
DA:206,20
DA:207,20
DA:208,17
DA:209,17
DA:210,17
DA:211,21
DA:212,21
DA:213,21
DA:214,17
DA:215,17
DA:216,17
DA:217,17
DA:218,1
DA:219,8
DA:220,8
DA:221,8
DA:222,8
DA:223,8
DA:224,8
DA:225,8
DA:226,8
DA:227,8
DA:228,8
DA:229,23
DA:230,23
DA:231,20
DA:232,20
DA:233,20
DA:234,23
DA:235,10
DA:236,10
DA:237,10
DA:238,10
DA:239,10
DA:240,10
DA:241,10
DA:242,10
DA:243,8
DA:244,8
DA:245,8
DA:246,15
DA:247,15
DA:248,15
DA:249,13
DA:250,13
DA:251,8
DA:252,8
DA:253,8
DA:254,8
DA:255,1
DA:256,10
DA:257,10
DA:258,10
DA:259,10
DA:260,10
DA:261,10
DA:262,1
DA:263,1
DA:264,1
DA:265,27
DA:266,27
DA:267,27
DA:268,27
DA:269,27
DA:270,1
DA:271,1
DA:272,1
DA:273,4
DA:274,21
DA:275,21
DA:276,21
DA:277,21
DA:278,21
DA:279,21
DA:280,21
DA:281,21
DA:282,21
DA:283,21
DA:284,21
DA:285,21
DA:286,21
DA:287,21
DA:288,21
DA:289,4
DA:290,4
DA:291,4
DA:292,1
DA:293,1
DA:294,1
DA:295,15
DA:296,15
DA:297,15
DA:298,15
DA:299,15
DA:300,15
DA:301,15
DA:302,15
DA:303,15
DA:304,15
DA:305,15
DA:306,13
DA:307,13
DA:308,13
DA:309,15
DA:310,15
DA:311,15
DA:312,15
DA:313,13
DA:314,15
DA:315,7
DA:316,56
DA:317,56
DA:318,56
DA:319,56
DA:320,15
DA:321,15
DA:322,15
DA:323,15
DA:324,15
DA:325,15
DA:326,15
DA:327,52
DA:328,52
DA:329,52
DA:330,52
DA:331,52
DA:332,52
DA:333,52
DA:334,52
DA:335,52
DA:336,15
DA:337,15
DA:338,15
DA:339,7
DA:340,7
DA:341,7
DA:342,7
DA:343,15
DA:344,15
DA:345,15
DA:346,15
DA:347,17
DA:348,17
DA:349,17
DA:350,17
DA:351,17
DA:352,16
DA:353,16
DA:354,16
DA:355,16
DA:356,16
DA:357,17
DA:358,7
DA:359,7
DA:360,5
DA:361,5
DA:362,5
DA:363,7
DA:364,17
DA:365,17
DA:366,17
DA:367,17
DA:368,15
DA:369,15
DA:370,17
DA:371,17
DA:372,17
DA:373,17
DA:374,17
DA:375,17
DA:376,17
DA:377,17
DA:378,17
DA:379,17
DA:380,17
DA:381,17
DA:382,17
DA:383,17
DA:384,17
DA:385,17
DA:386,17
DA:387,17
DA:388,17
DA:389,17
DA:390,17
DA:391,17
DA:392,17
DA:393,3
DA:394,3
DA:395,3
DA:396,3
DA:397,3
DA:398,3
DA:399,3
DA:400,3
DA:401,3
DA:402,3
DA:403,3
DA:404,3
DA:405,3
DA:406,3
DA:407,3
DA:408,3
DA:409,2
DA:410,3
DA:411,1
DA:412,1
DA:413,1
DA:414,1
DA:415,1
DA:416,1
DA:417,3
DA:418,3
DA:419,3
DA:420,2
DA:421,2
DA:422,2
DA:423,2
DA:424,2
DA:425,2
DA:426,2
DA:427,1
DA:428,1
DA:429,1
DA:430,1
DA:431,1
DA:432,1
DA:433,1
DA:434,1
DA:435,1
DA:436,1
DA:437,3
DA:438,1
DA:439,1
DA:440,3
DA:441,15
DA:442,15
DA:443,15
DA:444,15
DA:445,15
DA:446,15
DA:447,15
DA:448,15
DA:449,15
DA:450,15
DA:451,17
DA:452,17
DA:453,13
DA:454,13
DA:455,15
DA:456,15
DA:457,15
DA:458,17
DA:459,17
DA:460,17
DA:461,12
DA:462,15
DA:463,6
DA:464,6
DA:465,6
DA:466,6
DA:467,6
DA:468,15
DA:469,15
DA:470,15
DA:471,15
DA:472,1
DA:473,1
DA:474,1
DA:475,1
DA:476,1
DA:477,1
DA:478,1
DA:479,1
DA:480,1
DA:481,1
DA:482,15
DA:483,1
DA:484,1
DA:485,1
DA:486,5
DA:487,5
DA:488,5
DA:489,5
DA:490,1
DA:491,1
DA:492,1
DA:493,1
DA:494,2
DA:495,2
DA:496,1
DA:497,1
DA:498,1
DA:499,5
DA:500,5
DA:501,5
DA:502,5
DA:503,5
DA:504,4
DA:505,4
DA:506,2
DA:507,5
DA:508,5
DA:509,5
DA:510,1
DA:511,1
DA:512,1
DA:513,1
DA:514,1
DA:515,1
DA:516,5
DA:517,5
DA:518,5
DA:519,1
DA:520,1
DA:521,13
DA:522,10
DA:523,10
DA:524,13
DA:525,11
DA:526,11
DA:527,1
DA:528,1
DA:529,1
DA:530,1
DA:531,11
DA:532,2
DA:533,2
DA:534,2
DA:535,11
DA:536,10
DA:537,10
DA:538,13
DA:539,1
DA:540,1
DA:541,6
DA:542,6
DA:543,5
DA:544,5
DA:545,5
DA:546,5
DA:547,5
DA:548,5
DA:549,5
DA:550,5
DA:551,6
DA:552,9
DA:553,9
DA:554,9
DA:555,9
DA:556,5
DA:557,5
DA:558,5
DA:559,5
DA:560,5
DA:561,5
DA:562,5
DA:563,5
DA:564,5
DA:565,5
DA:566,5
DA:567,5
DA:568,5
DA:569,5
DA:570,5
DA:571,5
DA:572,6
DA:573,1
DA:574,1
DA:575,3
DA:576,3
DA:577,2
DA:578,2
DA:579,2
DA:580,2
DA:581,2
DA:582,2
DA:583,2
DA:584,2
DA:585,2
DA:586,3
DA:587,6
DA:588,6
DA:589,6
DA:590,6
DA:591,6
DA:592,6
DA:593,6
DA:594,6
DA:595,6
DA:596,6
DA:597,6
DA:598,2
DA:599,2
DA:600,2
DA:601,3
DA:602,3
DA:603,2
DA:604,2
DA:605,3
DA:606,2
DA:607,2
DA:608,2
DA:609,3
DA:610,3
DA:611,2
DA:612,2
DA:613,2
DA:614,2
DA:615,2
DA:616,2
DA:617,2
DA:618,2
DA:619,2
DA:620,2
DA:621,2
DA:622,2
DA:623,2
DA:624,2
DA:625,2
DA:626,2
DA:627,3
DA:628,1
DA:629,1
DA:630,1
DA:631,30
DA:632,30
DA:633,30
DA:634,30
DA:635,30
DA:636,30
DA:637,30
DA:638,30
DA:639,30
DA:640,30
DA:641,30
DA:642,30
DA:643,30
DA:644,30
DA:645,30
DA:646,30
DA:647,30
DA:648,30
DA:649,30
DA:650,30
DA:651,1
DA:652,1
DA:653,1
DA:654,1
DA:655,1
DA:656,1
DA:657,1
DA:658,1
DA:659,1
DA:660,1
DA:661,1
DA:662,1
DA:663,1
DA:664,1
DA:665,1
DA:666,1
DA:667,1
DA:668,1
DA:669,1
DA:670,1
LF:670
LH:670
BRDA:1,0,0,1
BRDA:7,1,0,147
BRDA:8,2,0,0
BRDA:11,3,0,54
BRDA:13,4,0,1
BRDA:14,5,0,53
BRDA:17,6,0,27
BRDA:18,7,0,0
BRDA:19,8,0,1
BRDA:20,9,0,26
BRDA:20,10,0,1
BRDA:21,11,0,26
BRDA:21,12,0,1
BRDA:22,13,0,26
BRDA:22,14,0,1
BRDA:23,15,0,0
BRDA:24,16,0,0
BRDA:28,17,0,23
BRDA:29,18,0,0
BRDA:30,19,0,0
BRDA:31,20,0,22
BRDA:31,21,0,3
BRDA:32,22,0,22
BRDA:32,23,0,3
BRDA:36,24,0,88
BRDA:37,25,0,0
BRDA:40,26,0,47
BRDA:41,27,0,0
BRDA:45,28,0,6
BRDA:46,29,0,0
BRDA:51,30,0,15
BRDA:52,31,0,12
BRDA:52,32,0,3
BRDA:54,33,0,12
BRDA:54,34,0,12
BRDA:54,35,0,3
BRDA:57,36,0,15
BRDA:58,37,0,12
BRDA:58,38,0,3
BRDA:60,39,0,0
BRDA:60,40,0,0
BRDA:63,41,0,6
BRDA:64,42,0,0
BRDA:71,43,0,44
BRDA:72,44,0,0
BRDA:73,45,0,31
BRDA:74,46,0,13
BRDA:74,47,0,10
BRDA:75,48,0,3
BRDA:75,49,0,1
BRDA:76,50,0,2
BRDA:79,51,0,100
BRDA:80,52,0,2
BRDA:80,53,0,2
BRDA:83,54,0,23
BRDA:84,55,0,0
BRDA:85,56,0,20
BRDA:86,57,0,20
BRDA:87,58,0,20
BRDA:87,59,0,4
BRDA:87,60,0,0
BRDA:88,61,0,19
BRDA:91,62,0,9
BRDA:95,63,0,18
BRDA:96,64,0,0
BRDA:96,65,0,40
BRDA:99,66,0,20
BRDA:102,67,0,20
BRDA:103,68,0,0
BRDA:107,69,0,20
BRDA:112,70,0,20
BRDA:113,71,0,2
BRDA:117,72,0,18
BRDA:118,73,0,9
BRDA:119,74,0,8
BRDA:120,75,0,1
BRDA:125,76,0,20
BRDA:128,77,0,20
BRDA:131,78,0,0
BRDA:133,79,0,0
BRDA:142,80,0,21
BRDA:143,81,0,0
BRDA:144,82,0,0
BRDA:146,83,0,27
BRDA:147,84,0,0
BRDA:150,85,0,13
BRDA:154,86,0,14
BRDA:155,87,0,6
BRDA:156,88,0,0
BRDA:151,89,0,26
BRDA:151,90,0,0
BRDA:161,91,0,8
BRDA:163,92,0,17
BRDA:164,93,0,0
BRDA:164,94,0,15
BRDA:166,95,0,8
BRDA:167,96,0,7
BRDA:170,97,0,7
BRDA:170,98,0,6
BRDA:173,99,0,8
BRDA:176,100,0,17
BRDA:177,101,0,16
BRDA:177,102,0,1
BRDA:177,103,0,7
BRDA:179,104,0,4
BRDA:180,105,0,3
BRDA:187,106,0,8
BRDA:190,107,0,17
BRDA:191,108,0,0
BRDA:191,109,0,7
BRDA:193,110,0,4
BRDA:194,111,0,3
BRDA:201,112,0,17
BRDA:202,113,0,2
BRDA:203,114,0,16
BRDA:203,115,0,1
BRDA:210,116,0,16
BRDA:210,117,0,1
BRDA:203,118,0,20
BRDA:204,119,0,1
BRDA:204,120,0,1
BRDA:205,121,0,19
BRDA:205,122,0,1
BRDA:206,123,0,11
BRDA:206,124,0,9
BRDA:207,125,0,10
BRDA:207,126,0,10
BRDA:205,127,0,20
BRDA:205,128,0,0
BRDA:210,129,0,21
BRDA:211,130,0,1
BRDA:211,131,0,1
BRDA:212,132,0,12
BRDA:212,133,0,9
BRDA:213,134,0,11
BRDA:213,135,0,10
BRDA:219,136,0,8
BRDA:221,137,0,0
BRDA:228,138,0,0
BRDA:228,139,0,23
BRDA:229,140,0,0
BRDA:230,141,0,3
BRDA:231,142,0,20
BRDA:234,143,0,10
BRDA:245,144,0,0
BRDA:245,145,0,15
BRDA:246,146,0,0
BRDA:248,147,0,2
BRDA:249,148,0,13
BRDA:221,149,0,15
BRDA:221,150,0,0
BRDA:247,151,0,22
BRDA:252,152,0,13
BRDA:256,153,0,10
BRDA:257,154,0,0
BRDA:258,155,0,0
BRDA:259,156,0,3
BRDA:259,157,0,7
BRDA:259,158,0,5
BRDA:259,159,0,2
BRDA:264,160,0,27
BRDA:267,161,0,0
BRDA:272,162,0,4
BRDA:273,163,0,21
BRDA:277,164,0,0
BRDA:278,165,0,0
BRDA:280,166,0,0
BRDA:281,167,0,0
BRDA:282,168,0,0
BRDA:283,169,0,0
BRDA:284,170,0,0
BRDA:294,171,0,15
BRDA:300,172,0,7
BRDA:300,173,0,8
BRDA:302,174,0,1
BRDA:303,175,0,14
BRDA:303,176,0,1
BRDA:304,177,0,13
BRDA:304,178,0,0
BRDA:305,179,0,13
BRDA:305,180,0,0
BRDA:306,181,0,13
BRDA:309,182,0,2
BRDA:309,183,0,0
BRDA:310,184,0,13
BRDA:310,185,0,1
BRDA:312,186,0,7
BRDA:313,187,0,13
BRDA:314,188,0,7
BRDA:338,189,0,7
BRDA:346,190,0,18
BRDA:346,191,0,1
BRDA:346,192,0,17
BRDA:351,193,0,1
BRDA:352,194,0,16
BRDA:357,195,0,15
BRDA:357,196,0,1
BRDA:357,197,0,7
BRDA:359,198,0,5
BRDA:364,199,0,16
BRDA:364,200,0,11
BRDA:364,201,0,5
BRDA:368,202,0,15
BRDA:370,203,0,5
BRDA:370,204,0,10
BRDA:371,205,0,15
BRDA:372,206,0,3
BRDA:381,207,0,5
BRDA:381,208,0,5
BRDA:385,209,0,5
BRDA:386,210,0,3
BRDA:387,211,0,3
BRDA:388,212,0,3
BRDA:389,213,0,3
BRDA:390,214,0,1
BRDA:392,215,0,3
BRDA:404,216,0,2
BRDA:410,217,0,1
BRDA:419,218,0,2
BRDA:427,219,0,1
BRDA:433,220,0,0
BRDA:437,221,0,1
BRDA:441,222,0,15
BRDA:451,223,0,13
BRDA:452,224,0,13
BRDA:453,225,0,5
BRDA:455,226,0,15
BRDA:458,227,0,3
BRDA:459,228,0,12
BRDA:459,229,0,3
BRDA:461,230,0,12
BRDA:462,231,0,6
BRDA:471,232,0,1
BRDA:478,233,0,0
BRDA:315,234,0,56
BRDA:317,235,0,0
BRDA:326,236,0,52
BRDA:327,237,0,0
BRDA:329,238,0,0
BRDA:334,239,0,0
BRDA:404,240,0,3
BRDA:405,241,0,0
BRDA:411,242,0,1
BRDA:412,243,0,0
BRDA:415,244,0,0
BRDA:417,245,0,1
BRDA:485,246,0,5
BRDA:486,247,0,1
BRDA:486,248,0,4
BRDA:487,249,0,0
BRDA:489,250,0,1
BRDA:502,251,0,1
BRDA:503,252,0,4
BRDA:504,253,0,2
BRDA:505,254,0,2
BRDA:506,255,0,1
BRDA:507,256,0,1
BRDA:509,257,0,1
BRDA:493,258,0,2
BRDA:520,259,0,13
BRDA:521,260,0,3
BRDA:522,261,0,10
BRDA:524,262,0,11
BRDA:526,263,0,1
BRDA:531,264,0,10
BRDA:531,265,0,9
BRDA:531,266,0,2
BRDA:536,267,0,10
BRDA:540,268,0,6
BRDA:542,269,0,1
BRDA:543,270,0,5
BRDA:551,271,0,9
BRDA:556,272,0,5
BRDA:546,273,0,9
BRDA:546,274,0,0
BRDA:547,275,0,9
BRDA:547,276,0,0
BRDA:574,277,0,3
BRDA:576,278,0,1
BRDA:577,279,0,2
BRDA:586,280,0,6
BRDA:591,281,0,0
BRDA:592,282,0,3
BRDA:594,283,0,0
BRDA:598,284,0,2
BRDA:602,285,0,1
BRDA:603,286,0,2
BRDA:605,287,0,1
BRDA:606,288,0,2
BRDA:609,289,0,1
BRDA:609,290,0,1
BRDA:611,291,0,2
BRDA:580,292,0,6
BRDA:580,293,0,0
BRDA:581,294,0,6
BRDA:581,295,0,0
BRDA:607,296,0,5
BRDA:607,297,0,0
BRDA:608,298,0,5
BRDA:608,299,0,3
BRDA:608,300,0,2
BRDA:630,301,0,30
BRDA:631,302,0,1
BRDA:632,303,0,1
BRDA:633,304,0,1
BRDA:634,305,0,1
BRDA:636,306,0,28
BRDA:636,307,0,2
BRDA:637,308,0,23
BRDA:637,309,0,7
BRDA:638,310,0,23
BRDA:638,311,0,7
BRDA:639,312,0,27
BRDA:639,313,0,3
BRDA:646,314,0,0
BRDA:647,315,0,0
BRDA:636,316,0,88
BRDA:637,317,0,28
BRF:318
BRH:253
end_of_record
